<?xml version="1.0" encoding="UTF-8"?>
<testng-results skipped="0" failed="0" total="1" passed="1">
  <reporter-output>
  </reporter-output>
  <suite name="Suite" duration-ms="60381" started-at="2019-09-15T23:06:04Z" finished-at="2019-09-15T23:07:04Z">
    <groups>
      <group name="cucumber">
        <method signature="AbstractTestNGCucumberTests.feature(cucumber.api.testng.CucumberFeatureWrapper)[pri:0, instance:runner.runCuke@1134affc]" name="feature" class="cucumber.api.testng.AbstractTestNGCucumberTests"/>
      </group> <!-- cucumber -->
    </groups>
    <test name="Test" duration-ms="60381" started-at="2019-09-15T23:06:04Z" finished-at="2019-09-15T23:07:04Z">
      <class name="runner.runCuke">
        <test-method status="PASS" signature="setUpClass()[pri:0, instance:runner.runCuke@1134affc]" name="setUpClass" is-config="true" duration-ms="446" started-at="2019-09-16T09:06:04Z" finished-at="2019-09-16T09:06:04Z">
          <reporter-output>
          </reporter-output>
        </test-method> <!-- setUpClass -->
        <test-method status="PASS" signature="setUp()[pri:0, instance:runner.runCuke@1134affc]" name="setUp" is-config="true" duration-ms="287" started-at="2019-09-16T09:06:04Z" finished-at="2019-09-16T09:06:04Z">
          <reporter-output>
          </reporter-output>
        </test-method> <!-- setUp -->
        <test-method status="PASS" signature="feature(cucumber.api.testng.CucumberFeatureWrapper)[pri:0, instance:runner.runCuke@1134affc]" name="feature" duration-ms="59240" started-at="2019-09-16T09:06:05Z" description="Runs Cucumber Feature" data-provider="features" finished-at="2019-09-16T09:07:04Z">
          <params>
            <param index="0">
              <value>
                <![CDATA[Validate user is able to Add items to cart and place order]]>
              </value>
            </param>
          </params>
          <reporter-output>
          </reporter-output>
        </test-method> <!-- feature -->
        <test-method status="PASS" signature="tearDownClass()[pri:0, instance:runner.runCuke@1134affc]" name="tearDownClass" is-config="true" duration-ms="250" started-at="2019-09-16T09:07:04Z" finished-at="2019-09-16T09:07:04Z">
          <reporter-output>
          </reporter-output>
        </test-method> <!-- tearDownClass -->
      </class> <!-- runner.runCuke -->
    </test> <!-- Test -->
  </suite> <!-- Suite -->
</testng-results>
